Arguments: 
  /usr/local/bin/node /usr/local/bin/yarn

PATH: 
  /Users/steph.milovic/.rbenv/shims:/Users/steph.milovic/.rbenv/bin:/usr/local/opt/openssl/bin:/Users/steph.milovic/Library/Android/sdk/tools:/Users/steph.milovic/Library/Android/sdk/platform-tools:/Users/steph.milovic/Library/Android/sdk/tools/bin:/Users/steph.milovic/.fastlane/bin:/usr/local/bin:/usr/bin:/bin:/usr/sbin:/sbin:/usr/local/Cellar/chromedriver/2.31/bin:/usr/local/apache-maven-3.5.0/bin:/Library/Java/JavaVirtualMachines/jdk1.8.0_171.jdk/Contents/Home:/usr/local/nsolid/bin:/Applications/Postgres.app/Contents/Versions/latest/bin

Yarn version: 
  1.6.0

Node version: 
  8.11.1

Platform: 
  darwin x64

Trace: 
  Error: http://volta.sympoz.net:4873/axios: ETIMEDOUT
      at Timeout._onTimeout (/usr/local/lib/node_modules/yarn/lib/cli.js:133819:19)
      at ontimeout (timers.js:482:11)
      at tryOnTimeout (timers.js:317:5)
      at Timer.listOnTimeout (timers.js:277:5)

npm manifest: 
  {
    "name": "stephs-react-starter",
    "version": "1.0.0",
    "description": "",
    "main": "index.js",
    "scripts": {
      "start": "cross-env NODE_ENV=development webpack-dev-server",
      "build": "cross-env NODE_ENV=production webpack",
      "test": "jest --watchAll --coverage",
      "precommit": "lint-staged"
    },
    "lint-staged": {
      "*.{js,jsx,css}": [
        "eslint --fix",
        "git add"
      ]
    },
    "repository": "https://github.com/stephmilovic/stephs-react-starter",
    "keywords": [],
    "author": "",
    "license": "ISC",
    "devDependencies": {
      "babel-core": "^6.26.3",
      "babel-eslint": "^8.2.6",
      "babel-loader": "^7.1.5",
      "babel-preset-react": "^6.24.1",
      "babel-preset-stage-2": "^6.24.1",
      "cross-env": "^5.2.0",
      "css-loader": "^1.0.0",
      "eslint": "^5.3.0",
      "eslint-loader": "^2.1.0",
      "eslint-plugin-react": "^7.10.0",
      "file-loader": "^1.1.11",
      "hoek": "^4.2.1",
      "html-webpack-plugin": "^3.2.0",
      "node-reset-scss": "^1.0.1",
      "node-sass": "^4.9.2",
      "postcss-loader": "^3.0.0",
      "prop-types": "^15.6.2",
      "react-hot-loader": "^4.3.3",
      "recompose": "^0.28.2",
      "sass-loader": "^7.1.0",
      "style-loader": "^0.22.1",
      "url-loader": "^1.0.1",
      "webpack": "^4.15.1",
      "webpack-cli": "^3.0.8",
      "webpack-dev-server": "^3.1.4",
      "webpack-merge": "^4.1.4"
    },
    "dependencies": {
      "axios": "^0.18.0",
      "babel-preset-env": "^1.7.0",
      "react": "^16.4.1",
      "react-dom": "^16.4.1",
      "react-redux": "^5.0.7",
      "react-router-dom": "^4.3.1",
      "redux": "^4.0.0",
      "redux-devtools-extension": "^2.13.5",
      "redux-thunk": "^2.3.0"
    }
  }

yarn manifest: 
  No manifest

Lockfile: 
  No lockfile
